<?xml version="1.0" encoding="UTF-8"?>
<testsuite name="be.doji.productivity.activity.ActivityTest" tests="6" skipped="0" failures="0" errors="0" timestamp="2019-05-04T11:46:23" hostname="Raiko" time="0.107">
  <properties/>
  <testcase name="builder_has_customPriority" classname="be.doji.productivity.activity.ActivityTest" time="0.099"/>
  <testcase name="builder_noName" classname="be.doji.productivity.activity.ActivityTest" time="0.006"/>
  <testcase name="builder_has_defaultPriority" classname="be.doji.productivity.activity.ActivityTest" time="0.0"/>
  <testcase name="builder_endBeforeStart" classname="be.doji.productivity.activity.ActivityTest" time="0.0"/>
  <testcase name="activityBuilderBasic" classname="be.doji.productivity.activity.ActivityTest" time="0.001"/>
  <testcase name="builder_noParameters" classname="be.doji.productivity.activity.ActivityTest" time="0.0"/>
  <system-out><![CDATA[]]></system-out>
  <system-err><![CDATA[]]></system-err>
</testsuite>
