<?xml version="1.0" encoding="UTF-8"?>
<testsuite name="be.doji.productivity.time.TimePointTest" tests="13" skipped="0" failures="0" errors="0" timestamp="2019-05-04T11:46:23" hostname="Raiko" time="0.01">
  <properties/>
  <testcase name="isSameDate_differentDates" classname="be.doji.productivity.time.TimePointTest" time="0.0"/>
  <testcase name="isBefore_endBeforeStart" classname="be.doji.productivity.time.TimePointTest" time="0.0"/>
  <testcase name="isBefore_startIsNull" classname="be.doji.productivity.time.TimePointTest" time="0.0"/>
  <testcase name="isSameDate_sameDates_differentHours_match" classname="be.doji.productivity.time.TimePointTest" time="0.002"/>
  <testcase name="fromString_toLocalDateTime_dateOnly" classname="be.doji.productivity.time.TimePointTest" time="0.0"/>
  <testcase name="fromString_notADate" classname="be.doji.productivity.time.TimePointTest" time="0.002"/>
  <testcase name="isBefore_endIsNull" classname="be.doji.productivity.time.TimePointTest" time="0.0"/>
  <testcase name="fromString_toLocalDateTime_full" classname="be.doji.productivity.time.TimePointTest" time="0.001"/>
  <testcase name="isBefore_startIsNull_endIsNull" classname="be.doji.productivity.time.TimePointTest" time="0.0"/>
  <testcase name="isSameDate_differentDates_differentHours" classname="be.doji.productivity.time.TimePointTest" time="0.0"/>
  <testcase name="isBefore_startBeforeEnd" classname="be.doji.productivity.time.TimePointTest" time="0.0"/>
  <testcase name="fromString_toLocalDateTime_withHours" classname="be.doji.productivity.time.TimePointTest" time="0.001"/>
  <testcase name="isSameDate_sameDates_match" classname="be.doji.productivity.time.TimePointTest" time="0.001"/>
  <system-out><![CDATA[]]></system-out>
  <system-err><![CDATA[]]></system-err>
</testsuite>
